<?xml version="1.0" encoding="UTF-8"?>
<testng-results ignored="0" total="0" passed="0" failed="0" skipped="0">
  <reporter-output>
  </reporter-output>
  <suite started-at="2022-09-05T22:20:28 IST" name="Default suite" finished-at="2022-09-05T22:20:28 IST" duration-ms="7">
    <groups>
    </groups>
    <test started-at="2022-09-05T22:20:28 IST" name="Default test" finished-at="2022-09-05T22:20:28 IST" duration-ms="7">
      <class name="TestScripts.CreateBookingTests">
        <test-method is-config="true" signature="setUp()[pri:0, instance:TestScripts.CreateBookingTests@5fbdfdcf]" started-at="2022-09-05T22:20:28 IST" name="setUp" finished-at="2022-09-05T22:20:28 IST" duration-ms="212" status="PASS">
          <reporter-output>
          </reporter-output>
        </test-method> <!-- setUp -->
        <test-method is-config="true" signature="tearDown()[pri:0, instance:TestScripts.CreateBookingTests@5fbdfdcf]" started-at="2022-09-05T22:20:28 IST" name="tearDown" finished-at="2022-09-05T22:20:29 IST" duration-ms="226" status="PASS">
          <reporter-output>
          </reporter-output>
        </test-method> <!-- tearDown -->
      </class> <!-- TestScripts.CreateBookingTests -->
    </test> <!-- Default test -->
  </suite> <!-- Default suite -->
</testng-results>
